{"app":"PHP","message":"touch(): Unable to create file \/var\/www\/html\/owncloud\/data\/owncloud.log because No such file or directory at \/var\/www\/html\/owncloud\/lib\/private\/log\/owncloud.php#49","level":3,"time":"2014-11-04T17:25:42+00:00"}
{"app":"PHP","message":"file_put_contents(\/var\/www\/html\/owncloud\/data\/.htaccess): failed to open stream: Permission denied at \/var\/www\/html\/owncloud\/lib\/private\/setup.php#156","level":3,"time":"2014-11-04T17:34:57+00:00"}
{"app":"PHP","message":"file_put_contents(\/var\/www\/html\/owncloud\/data\/.htaccess): failed to open stream: Permission denied at \/var\/www\/html\/owncloud\/lib\/private\/setup.php#156","level":3,"time":"2014-11-04T17:34:57+00:00"}
{"app":"PHP","message":"file_put_contents(\/var\/www\/html\/owncloud\/data\/.htaccess): failed to open stream: Permission denied at \/var\/www\/html\/owncloud\/lib\/private\/setup.php#156","level":3,"time":"2014-11-04T17:35:30+00:00"}
{"app":"PHP","message":"file_put_contents(\/var\/www\/html\/owncloud\/data\/.htaccess): failed to open stream: Permission denied at \/var\/www\/html\/owncloud\/lib\/private\/setup.php#156","level":3,"time":"2014-11-04T17:35:31+00:00"}
{"app":"PHP","message":"file_put_contents(\/var\/www\/html\/owncloud\/data\/.htaccess): failed to open stream: Permission denied at \/var\/www\/html\/owncloud\/lib\/private\/setup.php#156","level":3,"time":"2014-11-04T17:35:54+00:00"}
{"app":"PHP","message":"file_put_contents(\/var\/www\/html\/owncloud\/data\/.htaccess): failed to open stream: Permission denied at \/var\/www\/html\/owncloud\/lib\/private\/setup.php#156","level":3,"time":"2014-11-04T17:35:54+00:00"}
{"app":"PHP","message":"file_put_contents(\/var\/www\/html\/owncloud\/data\/.htaccess): failed to open stream: Permission denied at \/var\/www\/html\/owncloud\/lib\/private\/setup.php#156","level":3,"time":"2014-11-04T17:36:24+00:00"}
{"app":"PHP","message":"file_put_contents(\/var\/www\/html\/owncloud\/data\/.htaccess): failed to open stream: Permission denied at \/var\/www\/html\/owncloud\/lib\/private\/setup.php#156","level":3,"time":"2014-11-04T17:36:24+00:00"}
{"app":"PHP","message":"file_put_contents(\/var\/www\/html\/owncloud\/data\/.htaccess): failed to open stream: Permission denied at \/var\/www\/html\/owncloud\/lib\/private\/setup.php#156","level":3,"time":"2014-11-04T17:36:40+00:00"}
{"app":"PHP","message":"file_put_contents(\/var\/www\/html\/owncloud\/data\/.htaccess): failed to open stream: Permission denied at \/var\/www\/html\/owncloud\/lib\/private\/setup.php#156","level":3,"time":"2014-11-04T17:36:40+00:00"}
{"app":"PHP","message":"Class 'OCA\\Documents\\Filter_Office' not found at \/var\/www\/html\/owncloud\/apps\/documents\/ajax\/download.php#19","level":3,"time":"2014-11-04T18:21:48+00:00"}
{"app":"PHP","message":"Class 'OCA\\Documents\\Filter_Office' not found at \/var\/www\/html\/owncloud\/apps\/documents\/ajax\/download.php#19","level":3,"time":"2014-11-04T18:21:48+00:00"}
{"app":"PHP","message":"Class 'OCA\\Documents\\Filter_Office' not found at \/var\/www\/html\/owncloud\/apps\/documents\/ajax\/download.php#19","level":3,"time":"2014-11-04T18:21:48+00:00"}
{"app":"core","message":"App \"dashboard\" is using a not allowed call \"OC_Config::\". Installation refused.","level":3,"time":"2014-11-04T18:25:07+00:00"}
{"app":"core","message":"App can't be installed because of not allowed code in the App","level":3,"time":"2014-11-04T18:25:07+00:00"}
{"app":"core","message":"Failed to open archive when installing app","level":3,"time":"2014-11-04T18:25:31+00:00"}
{"app":"core","message":"Failed to open archive when installing app","level":3,"time":"2014-11-04T21:00:18+00:00"}
{"app":"core","message":"App \"dashboard\" is using a not allowed call \"OC_Config::\". Installation refused.","level":3,"time":"2014-11-04T21:00:27+00:00"}
{"app":"core","message":"App can't be installed because of not allowed code in the App","level":3,"time":"2014-11-04T21:00:27+00:00"}
{"app":"shorty_tracking","message":"Disabled because runtime requirement not met: App 'Shorty Tracking' requires base app 'Shorty' to be installed !","level":2,"time":"2014-11-04T21:00:43+00:00"}
{"app":"shorty_tracking","message":"Disabled because runtime requirement not met: App 'Shorty Tracking' requires base app 'Shorty' to be installed !","level":2,"time":"2014-11-04T21:02:16+00:00"}
{"app":"shorty_tracking","message":"Disabled because runtime requirement not met: App 'Shorty Tracking' requires base app 'Shorty' to be installed !","level":2,"time":"2014-11-04T21:02:16+00:00"}
{"app":"shorty_tracking","message":"Disabled because runtime requirement not met: App 'Shorty Tracking' requires base app 'Shorty' to be installed !","level":2,"time":"2014-11-04T21:02:16+00:00"}
{"app":"shorty_tracking","message":"Disabled because runtime requirement not met: App 'Shorty Tracking' requires base app 'Shorty' to be installed !","level":2,"time":"2014-11-04T21:02:16+00:00"}
{"app":"shorty_tracking","message":"Disabled because runtime requirement not met: App 'Shorty Tracking' requires base app 'Shorty' to be installed !","level":2,"time":"2014-11-04T21:02:16+00:00"}
{"app":"shorty_tracking","message":"Disabled because runtime requirement not met: App 'Shorty Tracking' requires base app 'Shorty' to be installed !","level":2,"time":"2014-11-04T21:02:17+00:00"}
{"app":"shorty_tracking","message":"Disabled because runtime requirement not met: App 'Shorty Tracking' requires base app 'Shorty' to be installed !","level":2,"time":"2014-11-04T21:02:17+00:00"}
{"app":"shorty_tracking","message":"Disabled because runtime requirement not met: App 'Shorty Tracking' requires base app 'Shorty' to be installed !","level":2,"time":"2014-11-04T21:02:17+00:00"}
{"app":"shorty_tracking","message":"Disabled because runtime requirement not met: App 'Shorty Tracking' requires base app 'Shorty' to be installed !","level":2,"time":"2014-11-04T21:02:17+00:00"}
{"app":"shorty_tracking","message":"Disabled because runtime requirement not met: App 'Shorty Tracking' requires base app 'Shorty' to be installed !","level":2,"time":"2014-11-04T21:02:17+00:00"}
{"app":"shorty_tracking","message":"Disabled because runtime requirement not met: App 'Shorty Tracking' requires base app 'Shorty' to be installed !","level":2,"time":"2014-11-04T21:02:17+00:00"}
{"app":"shorty_tracking","message":"Disabled because runtime requirement not met: App 'Shorty Tracking' requires base app 'Shorty' to be installed !","level":2,"time":"2014-11-04T21:02:17+00:00"}
{"app":"shorty_tracking","message":"Disabled because runtime requirement not met: App 'Shorty Tracking' requires base app 'Shorty' to be installed !","level":2,"time":"2014-11-04T21:02:17+00:00"}
{"app":"shorty_tracking","message":"Disabled because runtime requirement not met: App 'Shorty Tracking' requires base app 'Shorty' to be installed !","level":2,"time":"2014-11-04T21:02:17+00:00"}
{"app":"shorty_tracking","message":"Disabled because runtime requirement not met: App 'Shorty Tracking' requires base app 'Shorty' to be installed !","level":2,"time":"2014-11-04T21:02:17+00:00"}
{"app":"shorty_tracking","message":"Disabled because runtime requirement not met: App 'Shorty Tracking' requires base app 'Shorty' to be installed !","level":2,"time":"2014-11-04T21:02:17+00:00"}
{"app":"shorty_tracking","message":"Disabled because runtime requirement not met: App 'Shorty Tracking' requires base app 'Shorty' to be installed !","level":2,"time":"2014-11-04T21:02:22+00:00"}
{"app":"shorty_tracking","message":"Disabled because runtime requirement not met: App 'Shorty Tracking' requires base app 'Shorty' to be installed !","level":2,"time":"2014-11-04T21:02:41+00:00"}
{"app":"shorty_tracking","message":"Disabled because runtime requirement not met: App 'Shorty Tracking' requires base app 'Shorty' to be installed !","level":2,"time":"2014-11-04T21:02:41+00:00"}
{"app":"shorty_tracking","message":"Disabled because runtime requirement not met: App 'Shorty Tracking' requires base app 'Shorty' to be installed !","level":2,"time":"2014-11-04T21:03:01+00:00"}
{"app":"shorty_tracking","message":"Disabled because runtime requirement not met: App 'Shorty Tracking' requires base app 'Shorty' to be installed !","level":2,"time":"2014-11-04T21:03:01+00:00"}
{"app":"shorty_tracking","message":"Disabled because runtime requirement not met: App 'Shorty Tracking' requires base app 'Shorty' to be installed !","level":2,"time":"2014-11-04T21:03:01+00:00"}
{"app":"shorty_tracking","message":"Disabled because runtime requirement not met: App 'Shorty Tracking' requires base app 'Shorty' to be installed !","level":2,"time":"2014-11-04T21:03:01+00:00"}
{"app":"shorty_tracking","message":"Disabled because runtime requirement not met: App 'Shorty Tracking' requires base app 'Shorty' to be installed !","level":2,"time":"2014-11-04T21:03:11+00:00"}
{"app":"shorty_tracking","message":"Disabled because runtime requirement not met: App 'Shorty Tracking' requires base app 'Shorty' to be installed !","level":2,"time":"2014-11-04T21:03:28+00:00"}
{"app":"shorty_tracking","message":"Disabled because runtime requirement not met: App 'Shorty Tracking' requires base app 'Shorty' to be installed !","level":2,"time":"2014-11-04T21:03:28+00:00"}
{"app":"shorty_tracking","message":"Disabled because runtime requirement not met: App 'Shorty Tracking' requires base app 'Shorty' to be installed !","level":2,"time":"2014-11-04T21:03:28+00:00"}
{"app":"shorty_tracking","message":"Disabled because runtime requirement not met: App 'Shorty Tracking' requires base app 'Shorty' to be installed !","level":2,"time":"2014-11-04T21:03:28+00:00"}
{"app":"shorty_tracking","message":"Disabled because runtime requirement not met: App 'Shorty Tracking' requires base app 'Shorty' to be installed !","level":2,"time":"2014-11-04T21:03:28+00:00"}
{"app":"shorty_tracking","message":"Disabled because runtime requirement not met: App 'Shorty Tracking' requires base app 'Shorty' to be installed !","level":2,"time":"2014-11-04T21:03:28+00:00"}
{"app":"shorty_tracking","message":"Disabled because runtime requirement not met: App 'Shorty Tracking' requires base app 'Shorty' to be installed !","level":2,"time":"2014-11-04T21:03:29+00:00"}
{"app":"shorty_tracking","message":"Disabled because runtime requirement not met: App 'Shorty Tracking' requires base app 'Shorty' to be installed !","level":2,"time":"2014-11-04T21:03:29+00:00"}
{"app":"shorty_tracking","message":"Disabled because runtime requirement not met: App 'Shorty Tracking' requires base app 'Shorty' to be installed !","level":2,"time":"2014-11-04T21:03:29+00:00"}
{"app":"shorty_tracking","message":"Disabled because runtime requirement not met: App 'Shorty Tracking' requires base app 'Shorty' to be installed !","level":2,"time":"2014-11-04T21:03:29+00:00"}
{"app":"shorty_tracking","message":"Disabled because runtime requirement not met: App 'Shorty Tracking' requires base app 'Shorty' to be installed !","level":2,"time":"2014-11-04T21:03:29+00:00"}
{"app":"shorty_tracking","message":"Disabled because runtime requirement not met: App 'Shorty Tracking' requires base app 'Shorty' to be installed !","level":2,"time":"2014-11-04T21:03:29+00:00"}
{"app":"shorty_tracking","message":"Disabled because runtime requirement not met: App 'Shorty Tracking' requires base app 'Shorty' to be installed !","level":2,"time":"2014-11-04T21:03:29+00:00"}
{"app":"shorty_tracking","message":"Disabled because runtime requirement not met: App 'Shorty Tracking' requires base app 'Shorty' to be installed !","level":2,"time":"2014-11-04T21:03:29+00:00"}
{"app":"shorty_tracking","message":"Disabled because runtime requirement not met: App 'Shorty Tracking' requires base app 'Shorty' to be installed !","level":2,"time":"2014-11-04T21:03:29+00:00"}
{"app":"shorty_tracking","message":"Disabled because runtime requirement not met: App 'Shorty Tracking' requires base app 'Shorty' to be installed !","level":2,"time":"2014-11-04T21:03:29+00:00"}
{"app":"shorty_tracking","message":"Disabled because runtime requirement not met: App 'Shorty Tracking' requires base app 'Shorty' to be installed !","level":2,"time":"2014-11-04T21:04:02+00:00"}
{"app":"shorty_tracking","message":"Disabled because runtime requirement not met: App 'Shorty Tracking' requires base app 'Shorty' to be installed !","level":2,"time":"2014-11-04T21:04:03+00:00"}
{"app":"shorty_tracking","message":"Disabled because runtime requirement not met: App 'Shorty Tracking' requires base app 'Shorty' to be installed !","level":2,"time":"2014-11-04T21:04:03+00:00"}
{"app":"shorty_tracking","message":"Disabled because runtime requirement not met: App 'Shorty Tracking' requires base app 'Shorty' to be installed !","level":2,"time":"2014-11-04T21:04:03+00:00"}
{"app":"shorty_tracking","message":"Disabled because runtime requirement not met: App 'Shorty Tracking' requires base app 'Shorty' to be installed !","level":2,"time":"2014-11-04T21:04:03+00:00"}
{"app":"shorty_tracking","message":"Disabled because runtime requirement not met: App 'Shorty Tracking' requires base app 'Shorty' to be installed !","level":2,"time":"2014-11-04T21:04:03+00:00"}
{"app":"shorty_tracking","message":"Disabled because runtime requirement not met: App 'Shorty Tracking' requires base app 'Shorty' to be installed !","level":2,"time":"2014-11-04T21:04:03+00:00"}
{"app":"shorty_tracking","message":"Disabled because runtime requirement not met: App 'Shorty Tracking' requires base app 'Shorty' to be installed !","level":2,"time":"2014-11-04T21:04:03+00:00"}
{"app":"shorty_tracking","message":"Disabled because runtime requirement not met: App 'Shorty Tracking' requires base app 'Shorty' to be installed !","level":2,"time":"2014-11-04T21:04:03+00:00"}
{"app":"shorty_tracking","message":"Disabled because runtime requirement not met: App 'Shorty Tracking' requires base app 'Shorty' to be installed !","level":2,"time":"2014-11-04T21:04:29+00:00"}
{"app":"shorty_tracking","message":"Disabled because runtime requirement not met: App 'Shorty Tracking' requires base app 'Shorty' to be installed !","level":2,"time":"2014-11-04T21:04:30+00:00"}
{"app":"shorty_tracking","message":"Disabled because runtime requirement not met: App 'Shorty Tracking' requires base app 'Shorty' to be installed !","level":2,"time":"2014-11-04T21:04:35+00:00"}
{"app":"shorty_tracking","message":"Disabled because runtime requirement not met: App 'Shorty Tracking' requires base app 'Shorty' to be installed !","level":2,"time":"2014-11-04T21:04:42+00:00"}
{"app":"shorty_tracking","message":"Disabled because runtime requirement not met: App 'Shorty Tracking' requires base app 'Shorty' to be installed !","level":2,"time":"2014-11-04T21:04:42+00:00"}
{"app":"shorty_tracking","message":"Disabled because runtime requirement not met: App 'Shorty Tracking' requires base app 'Shorty' to be installed !","level":2,"time":"2014-11-04T21:04:42+00:00"}
{"app":"shorty_tracking","message":"Disabled because runtime requirement not met: App 'Shorty Tracking' requires base app 'Shorty' to be installed !","level":2,"time":"2014-11-04T21:04:42+00:00"}
{"app":"shorty_tracking","message":"Disabled because runtime requirement not met: App 'Shorty Tracking' requires base app 'Shorty' to be installed !","level":2,"time":"2014-11-04T21:04:42+00:00"}
{"app":"shorty_tracking","message":"Disabled because runtime requirement not met: App 'Shorty Tracking' requires base app 'Shorty' to be installed !","level":2,"time":"2014-11-04T21:04:50+00:00"}
{"app":"shorty_tracking","message":"Disabled because runtime requirement not met: App 'Shorty Tracking' requires base app 'Shorty' to be installed !","level":2,"time":"2014-11-04T21:04:51+00:00"}
{"app":"shorty_tracking","message":"Disabled because runtime requirement not met: App 'Shorty Tracking' requires base app 'Shorty' to be installed !","level":2,"time":"2014-11-04T21:04:51+00:00"}
{"app":"shorty_tracking","message":"Disabled because runtime requirement not met: App 'Shorty Tracking' requires base app 'Shorty' to be installed !","level":2,"time":"2014-11-04T21:04:51+00:00"}
{"app":"shorty_tracking","message":"Disabled because runtime requirement not met: App 'Shorty Tracking' requires base app 'Shorty' to be installed !","level":2,"time":"2014-11-04T21:04:51+00:00"}
{"app":"shorty_tracking","message":"Disabled because runtime requirement not met: App 'Shorty Tracking' requires base app 'Shorty' to be installed !","level":2,"time":"2014-11-04T21:04:51+00:00"}
{"app":"shorty_tracking","message":"Disabled because runtime requirement not met: App 'Shorty Tracking' requires base app 'Shorty' to be installed !","level":2,"time":"2014-11-04T21:04:51+00:00"}
{"app":"shorty_tracking","message":"Disabled because runtime requirement not met: App 'Shorty Tracking' requires base app 'Shorty' to be installed !","level":2,"time":"2014-11-04T21:04:51+00:00"}
{"app":"shorty_tracking","message":"Disabled because runtime requirement not met: App 'Shorty Tracking' requires base app 'Shorty' to be installed !","level":2,"time":"2014-11-04T21:04:51+00:00"}
{"app":"shorty_tracking","message":"Disabled because runtime requirement not met: App 'Shorty Tracking' requires base app 'Shorty' to be installed !","level":2,"time":"2014-11-04T21:04:51+00:00"}
{"app":"shorty_tracking","message":"Disabled because runtime requirement not met: App 'Shorty Tracking' requires base app 'Shorty' to be installed !","level":2,"time":"2014-11-04T21:04:51+00:00"}
{"app":"shorty_tracking","message":"Disabled because runtime requirement not met: App 'Shorty Tracking' requires base app 'Shorty' to be installed !","level":2,"time":"2014-11-04T21:04:51+00:00"}
{"app":"shorty_tracking","message":"Disabled because runtime requirement not met: App 'Shorty Tracking' requires base app 'Shorty' to be installed !","level":2,"time":"2014-11-04T21:04:51+00:00"}
{"app":"shorty_tracking","message":"Disabled because runtime requirement not met: App 'Shorty Tracking' requires base app 'Shorty' to be installed !","level":2,"time":"2014-11-04T21:04:52+00:00"}
{"app":"shorty_tracking","message":"Disabled because runtime requirement not met: App 'Shorty Tracking' requires base app 'Shorty' to be installed !","level":2,"time":"2014-11-04T21:04:52+00:00"}
{"app":"shorty_tracking","message":"Disabled because runtime requirement not met: App 'Shorty Tracking' requires base app 'Shorty' to be installed !","level":2,"time":"2014-11-04T21:04:52+00:00"}
{"app":"shorty_tracking","message":"Disabled because runtime requirement not met: App 'Shorty Tracking' requires base app 'Shorty' to be installed !","level":2,"time":"2014-11-04T21:04:52+00:00"}
{"app":"shorty_tracking","message":"Disabled because runtime requirement not met: App 'Shorty Tracking' requires base app 'Shorty' to be installed !","level":2,"time":"2014-11-04T21:04:52+00:00"}
{"app":"shorty_tracking","message":"Disabled because runtime requirement not met: App 'Shorty Tracking' requires base app 'Shorty' to be installed !","level":2,"time":"2014-11-04T21:04:55+00:00"}
{"app":"shorty_tracking","message":"Disabled because runtime requirement not met: App 'Shorty Tracking' requires base app 'Shorty' to be installed !","level":2,"time":"2014-11-04T21:05:05+00:00"}
{"app":"shorty_tracking","message":"Disabled because runtime requirement not met: App 'Shorty Tracking' requires base app 'Shorty' to be installed !","level":2,"time":"2014-11-04T21:05:21+00:00"}
{"app":"shorty_tracking","message":"Disabled because runtime requirement not met: App 'Shorty Tracking' requires base app 'Shorty' to be installed !","level":2,"time":"2014-11-04T21:05:42+00:00"}
{"app":"shorty_tracking","message":"Disabled because runtime requirement not met: App 'Shorty Tracking' requires base app 'Shorty' to be installed !","level":2,"time":"2014-11-04T21:05:54+00:00"}
{"app":"shorty_tracking","message":"Disabled because runtime requirement not met: App 'Shorty Tracking' requires base app 'Shorty' to be installed !","level":2,"time":"2014-11-04T21:05:54+00:00"}
{"app":"shorty_tracking","message":"Disabled because runtime requirement not met: App 'Shorty Tracking' requires base app 'Shorty' to be installed !","level":2,"time":"2014-11-04T21:06:06+00:00"}
{"app":"shorty_tracking","message":"Disabled because runtime requirement not met: App 'Shorty Tracking' requires base app 'Shorty' to be installed !","level":2,"time":"2014-11-04T21:06:06+00:00"}
{"app":"shorty_tracking","message":"Disabled because runtime requirement not met: App 'Shorty Tracking' requires base app 'Shorty' to be installed !","level":2,"time":"2014-11-04T21:06:06+00:00"}
{"app":"shorty_tracking","message":"Disabled because runtime requirement not met: App 'Shorty Tracking' requires base app 'Shorty' to be installed !","level":2,"time":"2014-11-04T21:06:06+00:00"}
{"app":"shorty_tracking","message":"Disabled because runtime requirement not met: App 'Shorty Tracking' requires base app 'Shorty' to be installed !","level":2,"time":"2014-11-04T21:06:06+00:00"}
{"app":"shorty_tracking","message":"Disabled because runtime requirement not met: App 'Shorty Tracking' requires base app 'Shorty' to be installed !","level":2,"time":"2014-11-04T21:18:06+00:00"}
